[03/Sep/2020:09:48:03] (I): WordPress Instance Info:
[03/Sep/2020:09:48:03] (I): Home URL : http://localhost/WPSite
[03/Sep/2020:09:48:03] (I): Site URL : http://localhost/WPSite
[03/Sep/2020:09:48:03] (I): WordPress Version : 5.5.1
[03/Sep/2020:09:48:03] (I): Onboarding Version : 1.0.9
[03/Sep/2020:09:48:03] (I): Multisite : No
[03/Sep/2020:09:48:03] (I): Server Info : Apache/2.4.46 (Win64) PHP/7.3.21
[03/Sep/2020:09:48:03] (I): PHP Version : 7.3.21
[03/Sep/2020:09:48:03] (I): HTTPS : No
[03/Sep/2020:09:48:03] (I): PHP Max Execution Time : 120
[03/Sep/2020:09:48:03] (I): PHP Max Input Vars : 2500
[03/Sep/2020:09:48:03] (I): Max Upload Size : 2097152
[03/Sep/2020:09:48:03] (I): Plugins:
[03/Sep/2020:09:48:03] (I): [PLUGIN] Elementor : v3.0.5 (Elementor.com)
[03/Sep/2020:09:48:03] (I): [PLUGIN] Templates Patterns Collection : v1.0.9 (ThemeIsle)
[03/Sep/2020:09:48:03] (I): [PLUGIN] Orbit Fox Companion : v2.9.17 (Themeisle)
[03/Sep/2020:09:48:03] (P): Saving remote XML
[03/Sep/2020:09:48:04] (S): Saved remote XML at path C:\wamp64\www\WPSite/wp-content/uploads/themeisle-demo-import.xml.
[03/Sep/2020:09:48:04] (P): Starting content import...
[03/Sep/2020:09:48:04] (S): Import started.
[03/Sep/2020:09:48:04] (S): Parsing XML file.
[03/Sep/2020:09:48:04] (P): Starting parsing file:C:\wamp64\www\WPSite/wp-content/uploads/themeisle-demo-import.xml
[03/Sep/2020:09:48:04] (P): Using WXR_Parser_SimpleXML...
[03/Sep/2020:09:48:04] (S): Parsed XML
[03/Sep/2020:09:48:04] (P): Processing categories...
[03/Sep/2020:09:48:04] (S): Processed categories.
[03/Sep/2020:09:48:04] (P): Processing tags...
[03/Sep/2020:09:48:04] (S): No tags to process.
[03/Sep/2020:09:48:04] (P): Processing terms...
[03/Sep/2020:09:48:04] (S): Processed terms.
[03/Sep/2020:09:48:04] (P): Processing posts...
[03/Sep/2020:09:48:04] (P): Processing single menu item ' '...
[03/Sep/2020:09:48:04] (P): Processing attachment: https://s33834.pcdn.co/web-agency/wp-content/uploads/sites/421/2020/01/neve-web-design-studio-02.jpg...
[03/Sep/2020:09:48:04] (P): Fetching attachment from url: https://s33834.pcdn.co/web-agency/wp-content/uploads/sites/421/2020/01/neve-web-design-studio-02.jpg...
[03/Sep/2020:09:48:05] (S): Fetched remote attachment.
[03/Sep/2020:09:48:05] (P): Inserting attachment...
[03/Sep/2020:09:48:05] (S): Attachment inserted
[03/Sep/2020:09:48:05] (S): Processed attachment.
[03/Sep/2020:09:48:05] (P): Processing attachment: https://s33834.pcdn.co/web-agency/wp-content/uploads/sites/421/2020/01/neve-web-design-studio-03.jpg...
[03/Sep/2020:09:48:05] (P): Fetching attachment from url: https://s33834.pcdn.co/web-agency/wp-content/uploads/sites/421/2020/01/neve-web-design-studio-03.jpg...
[03/Sep/2020:09:48:06] (S): Fetched remote attachment.
[03/Sep/2020:09:48:06] (P): Inserting attachment...
[03/Sep/2020:09:48:06] (S): Attachment inserted
[03/Sep/2020:09:48:06] (S): Processed attachment.
[03/Sep/2020:09:48:06] (P): Processing attachment: https://s33834.pcdn.co/web-agency/wp-content/uploads/sites/421/2020/01/neve-web-design-studio-04.jpg...
[03/Sep/2020:09:48:06] (P): Fetching attachment from url: https://s33834.pcdn.co/web-agency/wp-content/uploads/sites/421/2020/01/neve-web-design-studio-04.jpg...
[03/Sep/2020:09:48:06] (S): Fetched remote attachment.
[03/Sep/2020:09:48:06] (P): Inserting attachment...
[03/Sep/2020:09:48:06] (S): Attachment inserted
[03/Sep/2020:09:48:06] (S): Processed attachment.
[03/Sep/2020:09:48:06] (P): Processing attachment: https://s33834.pcdn.co/web-agency/wp-content/uploads/sites/421/2020/01/neve-web-design-studio-05.jpg...
[03/Sep/2020:09:48:06] (P): Fetching attachment from url: https://s33834.pcdn.co/web-agency/wp-content/uploads/sites/421/2020/01/neve-web-design-studio-05.jpg...
[03/Sep/2020:09:48:07] (S): Fetched remote attachment.
[03/Sep/2020:09:48:07] (P): Inserting attachment...
[03/Sep/2020:09:48:07] (S): Attachment inserted
[03/Sep/2020:09:48:07] (S): Processed attachment.
[03/Sep/2020:09:48:07] (P): Processing attachment: https://s33834.pcdn.co/web-agency/wp-content/uploads/sites/421/2020/01/neve-web-design-studio-06.jpg...
[03/Sep/2020:09:48:07] (P): Fetching attachment from url: https://s33834.pcdn.co/web-agency/wp-content/uploads/sites/421/2020/01/neve-web-design-studio-06.jpg...
[03/Sep/2020:09:48:07] (S): Fetched remote attachment.
[03/Sep/2020:09:48:07] (P): Inserting attachment...
[03/Sep/2020:09:48:07] (S): Attachment inserted
[03/Sep/2020:09:48:07] (S): Processed attachment.
[03/Sep/2020:09:48:07] (P): Processing attachment: https://s33834.pcdn.co/web-agency/wp-content/uploads/sites/421/2020/01/neve-web-design-studio-07.jpg...
[03/Sep/2020:09:48:07] (P): Fetching attachment from url: https://s33834.pcdn.co/web-agency/wp-content/uploads/sites/421/2020/01/neve-web-design-studio-07.jpg...
[03/Sep/2020:09:48:08] (S): Fetched remote attachment.
[03/Sep/2020:09:48:08] (P): Inserting attachment...
[03/Sep/2020:09:48:08] (S): Attachment inserted
[03/Sep/2020:09:48:08] (S): Processed attachment.
[03/Sep/2020:09:48:08] (P): Processing attachment: https://s33834.pcdn.co/web-agency/wp-content/uploads/sites/421/2020/01/neve-web-design-studio-08.jpg...
[03/Sep/2020:09:48:08] (P): Fetching attachment from url: https://s33834.pcdn.co/web-agency/wp-content/uploads/sites/421/2020/01/neve-web-design-studio-08.jpg...
[03/Sep/2020:09:48:09] (S): Fetched remote attachment.
[03/Sep/2020:09:48:09] (P): Inserting attachment...
[03/Sep/2020:09:48:09] (S): Attachment inserted
[03/Sep/2020:09:48:09] (S): Processed attachment.
[03/Sep/2020:09:48:09] (P): Processing attachment: https://s33834.pcdn.co/web-agency/wp-content/uploads/sites/421/2020/01/neve-web-design-studio-09.jpg...
[03/Sep/2020:09:48:09] (P): Fetching attachment from url: https://s33834.pcdn.co/web-agency/wp-content/uploads/sites/421/2020/01/neve-web-design-studio-09.jpg...
[03/Sep/2020:09:48:09] (S): Fetched remote attachment.
[03/Sep/2020:09:48:09] (P): Inserting attachment...
[03/Sep/2020:09:48:09] (S): Attachment inserted
[03/Sep/2020:09:48:09] (S): Processed attachment.
[03/Sep/2020:09:48:09] (P): Processing attachment: https://s33834.pcdn.co/web-agency/wp-content/uploads/sites/421/2020/01/neve-web-design-studio-10.jpg...
[03/Sep/2020:09:48:09] (P): Fetching attachment from url: https://s33834.pcdn.co/web-agency/wp-content/uploads/sites/421/2020/01/neve-web-design-studio-10.jpg...
[03/Sep/2020:09:48:10] (S): Fetched remote attachment.
[03/Sep/2020:09:48:10] (P): Inserting attachment...
[03/Sep/2020:09:48:10] (S): Attachment inserted
[03/Sep/2020:09:48:10] (S): Processed attachment.
[03/Sep/2020:09:48:10] (P): Processing attachment: https://s33834.pcdn.co/web-agency/wp-content/uploads/sites/421/2020/01/neve-web-design-studio-11.jpg...
[03/Sep/2020:09:48:10] (P): Fetching attachment from url: https://s33834.pcdn.co/web-agency/wp-content/uploads/sites/421/2020/01/neve-web-design-studio-11.jpg...
[03/Sep/2020:09:48:10] (S): Fetched remote attachment.
[03/Sep/2020:09:48:10] (P): Inserting attachment...
[03/Sep/2020:09:48:10] (S): Attachment inserted
[03/Sep/2020:09:48:10] (S): Processed attachment.
[03/Sep/2020:09:48:10] (P): Processing single menu item ' '...
[03/Sep/2020:09:48:10] (P): Processing single menu item ' '...
[03/Sep/2020:09:48:10] (P): Processing single menu item ' '...
[03/Sep/2020:09:48:10] (P): Processing attachment: https://s33834.pcdn.co/web-agency/wp-content/uploads/sites/421/2020/06/cropped-web-agency-logo.png...
[03/Sep/2020:09:48:10] (P): Fetching attachment from url: https://s33834.pcdn.co/web-agency/wp-content/uploads/sites/421/2020/06/cropped-web-agency-logo.png...
[03/Sep/2020:09:48:11] (S): Fetched remote attachment.
[03/Sep/2020:09:48:11] (P): Inserting attachment...
[03/Sep/2020:09:48:11] (S): Attachment inserted
[03/Sep/2020:09:48:11] (S): Processed attachment.
[03/Sep/2020:09:48:11] (P): Processing attachment: https://s33834.pcdn.co/web-agency/wp-content/uploads/sites/421/2020/06/web-agency-logo-2.png...
[03/Sep/2020:09:48:11] (P): Fetching attachment from url: https://s33834.pcdn.co/web-agency/wp-content/uploads/sites/421/2020/06/web-agency-logo-2.png...
[03/Sep/2020:09:48:11] (S): Fetched remote attachment.
[03/Sep/2020:09:48:11] (P): Inserting attachment...
[03/Sep/2020:09:48:11] (S): Attachment inserted
[03/Sep/2020:09:48:11] (S): Processed attachment.
[03/Sep/2020:09:48:11] (P): Processing attachment: https://s33834.pcdn.co/web-agency/wp-content/uploads/sites/421/2020/06/cropped-web-agency-logo-2.png...
[03/Sep/2020:09:48:11] (P): Fetching attachment from url: https://s33834.pcdn.co/web-agency/wp-content/uploads/sites/421/2020/06/cropped-web-agency-logo-2.png...
[03/Sep/2020:09:48:12] (S): Fetched remote attachment.
[03/Sep/2020:09:48:12] (P): Inserting attachment...
[03/Sep/2020:09:48:12] (S): Attachment inserted
[03/Sep/2020:09:48:12] (S): Processed attachment.
[03/Sep/2020:09:48:12] (P): Processing attachment: https://s33834.pcdn.co/web-agency/wp-content/uploads/sites/421/2020/06/web-agency-icon.png...
[03/Sep/2020:09:48:12] (P): Fetching attachment from url: https://s33834.pcdn.co/web-agency/wp-content/uploads/sites/421/2020/06/web-agency-icon.png...
[03/Sep/2020:09:48:12] (S): Fetched remote attachment.
[03/Sep/2020:09:48:12] (P): Inserting attachment...
[03/Sep/2020:09:48:12] (S): Attachment inserted
[03/Sep/2020:09:48:12] (S): Processed attachment.
[03/Sep/2020:09:48:12] (P): Processing attachment: https://s33834.pcdn.co/web-agency/wp-content/uploads/sites/421/2020/06/cropped-web-agency-icon.png...
[03/Sep/2020:09:48:12] (P): Fetching attachment from url: https://s33834.pcdn.co/web-agency/wp-content/uploads/sites/421/2020/06/cropped-web-agency-icon.png...
[03/Sep/2020:09:48:12] (S): Fetched remote attachment.
[03/Sep/2020:09:48:12] (P): Inserting attachment...
[03/Sep/2020:09:48:12] (S): Attachment inserted
[03/Sep/2020:09:48:12] (S): Processed attachment.
[03/Sep/2020:09:48:12] (P): Processing attachment: https://s33834.pcdn.co/web-agency/wp-content/uploads/sites/421/2020/07/web-design-studio-01.jpg.jpg...
[03/Sep/2020:09:48:12] (P): Fetching attachment from url: https://s33834.pcdn.co/web-agency/wp-content/uploads/sites/421/2020/07/web-design-studio-01.jpg.jpg...
[03/Sep/2020:09:48:13] (S): Fetched remote attachment.
[03/Sep/2020:09:48:13] (P): Inserting attachment...
[03/Sep/2020:09:48:13] (S): Attachment inserted
[03/Sep/2020:09:48:13] (S): Processed attachment.
[03/Sep/2020:09:48:13] (P): Inserting post: 5 UX Principles for Creating a Great Website .
[03/Sep/2020:09:48:13] (S): Done inserting post: 5 UX Principles for Creating a Great Website .
[03/Sep/2020:09:48:13] (P): Inserting page: News .
[03/Sep/2020:09:48:13] (S): Done inserting page: News .
[03/Sep/2020:09:48:13] (P): Inserting page: Home .
[03/Sep/2020:09:48:13] (S): Done inserting page: Home .
[03/Sep/2020:09:48:13] (P): Filtering elementor meta...
[03/Sep/2020:09:48:13] (S): Filtered elementor meta.
[03/Sep/2020:09:48:13] (P): Inserting post: Web Design Trends for 2020 .
[03/Sep/2020:09:48:13] (S): Done inserting post: Web Design Trends for 2020 .
[03/Sep/2020:09:48:13] (P): Inserting post: A Simple Guide to Design Thinking .
[03/Sep/2020:09:48:13] (S): Done inserting post: A Simple Guide to Design Thinking .
[03/Sep/2020:09:48:13] (P): Inserting page: About Us .
[03/Sep/2020:09:48:13] (S): Done inserting page: About Us .
[03/Sep/2020:09:48:13] (P): Filtering elementor meta...
[03/Sep/2020:09:48:13] (S): Filtered elementor meta.
[03/Sep/2020:09:48:13] (P): Inserting page: Portfolio .
[03/Sep/2020:09:48:13] (S): Done inserting page: Portfolio .
[03/Sep/2020:09:48:13] (P): Filtering elementor meta...
[03/Sep/2020:09:48:13] (S): Filtered elementor meta.
[03/Sep/2020:09:48:13] (P): Inserting page: Contact .
[03/Sep/2020:09:48:13] (S): Done inserting page: Contact .
[03/Sep/2020:09:48:13] (P): Filtering elementor meta...
[03/Sep/2020:09:48:13] (S): Filtered elementor meta.
[03/Sep/2020:09:48:13] (P): Inserting page: Portfolio single .
[03/Sep/2020:09:48:13] (S): Done inserting page: Portfolio single .
[03/Sep/2020:09:48:13] (P): Filtering elementor meta...
[03/Sep/2020:09:48:13] (S): Filtered elementor meta.
[03/Sep/2020:09:48:13] (P): Processing single menu item ' '...
[03/Sep/2020:09:48:13] (S): Processed single menu item.
[03/Sep/2020:09:48:13] (P): Processing single menu item ' '...
[03/Sep/2020:09:48:14] (S): Processed single menu item.
[03/Sep/2020:09:48:14] (S): Processed posts.
[03/Sep/2020:09:48:14] (P): Processing single menu item ' '...
[03/Sep/2020:09:48:14] (S): Processed single menu item.
[03/Sep/2020:09:48:14] (P): Processing single menu item ' '...
[03/Sep/2020:09:48:14] (S): Processed single menu item.
[03/Sep/2020:09:48:14] (P): Processing single menu item ' '...
[03/Sep/2020:09:48:14] (S): Processed single menu item.
[03/Sep/2020:09:48:14] (P): Processing single menu item ' '...
[03/Sep/2020:09:48:14] (S): Processed single menu item.
[03/Sep/2020:09:48:14] (P): Cleaning up import with id ...
[03/Sep/2020:09:48:14] (P): Done cleanup. Flushing cache...
[03/Sep/2020:09:48:14] (P): Flushed cache. Removing temporary data..
[03/Sep/2020:09:48:14] (S): Done importing
[03/Sep/2020:09:48:14] (P): Busting elementor cache
[03/Sep/2020:09:48:14] (S): Front page set up with id: 73.
